<?xml version="1.0" encoding="UTF-8"?>
<!-- Generated by org.testng.reporters.JUnitReportReporter -->
<testsuite hostname="TechM-SD" failures="0" tests="1" name="testing.sumValidation" time="0.961" errors="0" timestamp="2024-02-15T00:00:52 IST" skipped="0">
  <testcase classname="testing.sumValidation" name="sumOfCourse" time="0.961"/>
</testsuite> <!-- testing.sumValidation -->
