<?xml version="1.0" encoding="UTF-8"?>
<!-- Generated by org.testng.reporters.JUnitReportReporter -->
<testsuite hostname="TechM-SD" failures="0" tests="3" name="files.DynamicJson" time="1.988" errors="0" timestamp="2024-02-19T19:53:32 IST" skipped="0">
  <testcase classname="files.DynamicJson" name="addBook" time="1.767"/>
  <testcase classname="files.DynamicJson" name="addBook" time="0.107"/>
  <testcase classname="files.DynamicJson" name="addBook" time="0.114"/>
</testsuite> <!-- files.DynamicJson -->
